# JRE version: Java(TM) SE Runtime Environment (8.0_112-b15) (build 1.8.0_112-b15)
# Java VM: Java HotSpot(TM) 64-Bit Server VM (25.112-b15 mixed mode windows-amd64 compressed oops)
Heap:
 PSYoungGen      total 140800K, used 19889K [0x00000000eab00000, 0x00000000f3f00000, 0x0000000100000000)
  eden space 130048K, 7% used [0x00000000eab00000,0x00000000eb3f45a0,0x00000000f2a00000)
  from space 10752K, 99% used [0x00000000f2a00000,0x00000000f3478080,0x00000000f3480000)
  to   space 10752K, 0% used [0x00000000f3480000,0x00000000f3480000,0x00000000f3f00000)
 ParOldGen       total 173568K, used 39247K [0x00000000c0000000, 0x00000000ca980000, 0x00000000eab00000)
  object space 173568K, 22% used [0x00000000c0000000,0x00000000c2653c60,0x00000000ca980000)
 Metaspace       used 8856K, capacity 9228K, committed 9472K, reserved 1056768K
  class space    used 1099K, capacity 1216K, committed 1280K, reserved 1048576K
GC Heap History (6 events):
Event: 0.571 GC heap before
{Heap before GC invocations=1 (full 0):
 PSYoungGen      total 75776K, used 65024K [0x00000000eab00000, 0x00000000eff80000, 0x0000000100000000)
  eden space 65024K, 100% used [0x00000000eab00000,0x00000000eea80000,0x00000000eea80000)
  from space 10752K, 0% used [0x00000000ef500000,0x00000000ef500000,0x00000000eff80000)
  to   space 10752K, 0% used [0x00000000eea80000,0x00000000eea80000,0x00000000ef500000)
 ParOldGen       total 173568K, used 0K [0x00000000c0000000, 0x00000000ca980000, 0x00000000eab00000)
  object space 173568K, 0% used [0x00000000c0000000,0x00000000c0000000,0x00000000ca980000)
 Metaspace       used 6425K, capacity 6652K, committed 6784K, reserved 1056768K
  class space    used 789K, capacity 866K, committed 896K, reserved 1048576K
Event: 0.582 GC heap after
Heap after GC invocations=1 (full 0):
 PSYoungGen      total 75776K, used 10730K [0x00000000eab00000, 0x00000000f3f00000, 0x0000000100000000)
  eden space 65024K, 0% used [0x00000000eab00000,0x00000000eab00000,0x00000000eea80000)
  from space 10752K, 99% used [0x00000000eea80000,0x00000000ef4fa9a8,0x00000000ef500000)
  to   space 10752K, 0% used [0x00000000f3480000,0x00000000f3480000,0x00000000f3f00000)
 ParOldGen       total 173568K, used 9348K [0x00000000c0000000, 0x00000000ca980000, 0x00000000eab00000)
  object space 173568K, 5% used [0x00000000c0000000,0x00000000c0921200,0x00000000ca980000)
 Metaspace       used 6425K, capacity 6652K, committed 6784K, reserved 1056768K
  class space    used 789K, capacity 866K, committed 896K, reserved 1048576K
}
Event: 0.826 GC heap before
{Heap before GC invocations=2 (full 0):
 PSYoungGen      total 75776K, used 75754K [0x00000000eab00000, 0x00000000f3f00000, 0x0000000100000000)
  eden space 65024K, 100% used [0x00000000eab00000,0x00000000eea80000,0x00000000eea80000)
  from space 10752K, 99% used [0x00000000eea80000,0x00000000ef4fa9a8,0x00000000ef500000)
  to   space 10752K, 0% used [0x00000000f3480000,0x00000000f3480000,0x00000000f3f00000)
 ParOldGen       total 173568K, used 9348K [0x00000000c0000000, 0x00000000ca980000, 0x00000000eab00000)
  object space 173568K, 5% used [0x00000000c0000000,0x00000000c0921200,0x00000000ca980000)
 Metaspace       used 7527K, capacity 7946K, committed 8064K, reserved 1056768K
  class space    used 913K, capacity 1047K, committed 1152K, reserved 1048576K
Event: 0.844 GC heap after
Heap after GC invocations=2 (full 0):
 PSYoungGen      total 140800K, used 10743K [0x00000000eab00000, 0x00000000f3f00000, 0x0000000100000000)
  eden space 130048K, 0% used [0x00000000eab00000,0x00000000eab00000,0x00000000f2a00000)
  from space 10752K, 99% used [0x00000000f3480000,0x00000000f3efdf78,0x00000000f3f00000)
  to   space 10752K, 0% used [0x00000000f2a00000,0x00000000f2a00000,0x00000000f3480000)
 ParOldGen       total 173568K, used 21995K [0x00000000c0000000, 0x00000000ca980000, 0x00000000eab00000)
  object space 173568K, 12% used [0x00000000c0000000,0x00000000c157ac88,0x00000000ca980000)
 Metaspace       used 7527K, capacity 7946K, committed 8064K, reserved 1056768K
  class space    used 913K, capacity 1047K, committed 1152K, reserved 1048576K
}
Event: 1.277 GC heap before
{Heap before GC invocations=3 (full 0):
 PSYoungGen      total 140800K, used 140791K [0x00000000eab00000, 0x00000000f3f00000, 0x0000000100000000)
  eden space 130048K, 100% used [0x00000000eab00000,0x00000000f2a00000,0x00000000f2a00000)
  from space 10752K, 99% used [0x00000000f3480000,0x00000000f3efdf78,0x00000000f3f00000)
  to   space 10752K, 0% used [0x00000000f2a00000,0x00000000f2a00000,0x00000000f3480000)
 ParOldGen       total 173568K, used 21995K [0x00000000c0000000, 0x00000000ca980000, 0x00000000eab00000)
  object space 173568K, 12% used [0x00000000c0000000,0x00000000c157ac88,0x00000000ca980000)
 Metaspace       used 8012K, capacity 8446K, committed 8576K, reserved 1056768K
  class space    used 972K, capacity 1083K, committed 1152K, reserved 1048576K
Event: 1.308 GC heap after
Heap after GC invocations=3 (full 0):
 PSYoungGen      total 140800K, used 10720K [0x00000000eab00000, 0x00000000f3f00000, 0x0000000100000000)
  eden space 130048K, 0% used [0x00000000eab00000,0x00000000eab00000,0x00000000f2a00000)
  from space 10752K, 99% used [0x00000000f2a00000,0x00000000f3478080,0x00000000f3480000)
  to   space 10752K, 0% used [0x00000000f3480000,0x00000000f3480000,0x00000000f3f00000)
 ParOldGen       total 173568K, used 39247K [0x00000000c0000000, 0x00000000ca980000, 0x00000000eab00000)
  object space 173568K, 22% used [0x00000000c0000000,0x00000000c2653c60,0x00000000ca980000)
 Metaspace       used 8012K, capacity 8446K, committed 8576K, reserved 1056768K
  class space    used 972K, capacity 1083K, committed 1152K, reserved 1048576K
}

